<?xml version="1.0" encoding="UTF-8"?>
<testsuites name="Shoplist API" tests="11" time="0.856">
  <testsuite name="Authentication / Get M2M token" id="22f9e8ec-34a8-46b7-a0ac-96ac26f679c2" timestamp="2025-09-11T11:18:15.579Z" tests="1" failures="0" errors="0" time="0.155">
    <testcase name="200 OK token" time="0.155" classname="AuthenticationGetM2MToken"/>
  </testsuite>
  <testsuite name="Happy path / Create item" id="745cedae-f385-466f-830a-b9a4aeb8185e" timestamp="2025-09-11T11:18:15.579Z" tests="1" failures="0" errors="0" time="0.149">
    <testcase name="201 Created" time="0.149" classname="HappyPathCreateItem"/>
  </testsuite>
  <testsuite name="Happy path / Get items" id="434e2a62-d0c0-455f-97a8-511daadfa4d8" timestamp="2025-09-11T11:18:15.579Z" tests="2" failures="0" errors="0" time="0.077">
    <testcase name="200 OK" time="0.077" classname="HappyPathGetItems"/>
    <testcase name="Item créé présent dans la liste" time="0.077" classname="HappyPathGetItems"/>
  </testsuite>
  <testsuite name="Happy path / Update item" id="b4874bda-9c62-43a9-b596-6fe896d3cac2" timestamp="2025-09-11T11:18:15.579Z" tests="1" failures="0" errors="0" time="0.079">
    <testcase name="Response status code is 200 OK" time="0.079" classname="HappyPathUpdateItem"/>
  </testsuite>
  <testsuite name="Happy path / Get item after update" id="1af76a67-63f8-411b-a581-09606d209dd4" timestamp="2025-09-11T11:18:15.579Z" tests="5" failures="0" errors="0" time="0.064">
    <testcase name="200 OK" time="0.064" classname="HappyPathGetItemAfterUpdate"/>
    <testcase name="La réponse contient un tableau items" time="0.064" classname="HappyPathGetItemAfterUpdate"/>
    <testcase name="Il n'y a qu'un seul élément dans la liste" time="0.064" classname="HappyPathGetItemAfterUpdate"/>
    <testcase name="Item créé présent dans la liste" time="0.064" classname="HappyPathGetItemAfterUpdate"/>
    <testcase name="Quantité = 3" time="0.064" classname="HappyPathGetItemAfterUpdate"/>
  </testsuite>
  <testsuite name="Happy path / Delete item" id="234dfe43-7b56-45b7-a578-41d2adcf47b2" timestamp="2025-09-11T11:18:15.579Z" tests="1" failures="0" errors="0" time="0.071">
    <testcase name="204 No Content" time="0.071" classname="HappyPathDeleteItem"/>
  </testsuite>
  <testsuite name="Happy path / Get item after delete" id="afe56e68-c029-498e-826b-bd98293b69f4" timestamp="2025-09-11T11:18:15.579Z" tests="3" failures="0" errors="0" time="0.076">
    <testcase name="200 OK" time="0.076" classname="HappyPathGetItemAfterDelete"/>
    <testcase name="La réponse contient un tableau items" time="0.076" classname="HappyPathGetItemAfterDelete"/>
    <testcase name="Il n'y a aucun élément dans la liste" time="0.076" classname="HappyPathGetItemAfterDelete"/>
  </testsuite>
  <testsuite name="Edge cases / Path parameters / Patch Item with non-existing id" id="120ea49e-5d83-4714-b9db-0a367f052d88" timestamp="2025-09-11T11:18:15.579Z" tests="1" failures="0" errors="0" time="0.067">
    <testcase name="500 Internal error" time="0.067" classname="EdgeCasesPathParametersPatchItemWithNonExistingId"/>
  </testsuite>
  <testsuite name="Edge cases / Path parameters / Delete Item with non-existing id" id="d1a5df70-def7-428c-9df6-6963701ca350" timestamp="2025-09-11T11:18:15.579Z" tests="1" failures="0" errors="0" time="0.057">
    <testcase name="500 Internal error" time="0.057" classname="EdgeCasesPathParametersDeleteItemWithNonExistingId"/>
  </testsuite>
  <testsuite name="Edge cases / Auth / Get Items without cookie" id="96aaeec7-9908-473e-9785-5e69113a121c" timestamp="2025-09-11T11:18:15.579Z" tests="1" failures="0" errors="0" time="0.022">
    <testcase name="401 Unauthorized" time="0.022" classname="EdgeCasesAuthGetItemsWithoutCookie"/>
  </testsuite>
  <testsuite name="Edge cases / Auth / Get Items with invalid token" id="f05b0a13-27b3-4ed8-89ef-a09c0c5d09f6" timestamp="2025-09-11T11:18:15.579Z" tests="1" failures="0" errors="0" time="0.039">
    <testcase name="401 Unauthorized" time="0.039" classname="EdgeCasesAuthGetItemsWithInvalidToken"/>
  </testsuite>
</testsuites>